# JRE version: Java(TM) SE Runtime Environment 18.9 (11.0.10+8) (build 11.0.10+8-LTS-162)
# Java VM: Java HotSpot(TM) 64-Bit Server VM 18.9 (11.0.10+8-LTS-162, mixed mode, tiered, compressed oops, parallel gc, windows-amd64)
Heap:
 PSYoungGen      total 24576K, used 0K [0x00000000eab00000, 0x00000000ed700000, 0x0000000100000000)
  eden space 24064K, 0% used [0x00000000eab00000,0x00000000eab00000,0x00000000ec280000)
  from space 512K, 0% used [0x00000000ed080000,0x00000000ed080000,0x00000000ed100000)
  to   space 2560K, 0% used [0x00000000ed480000,0x00000000ed480000,0x00000000ed700000)
 ParOldGen       total 68608K, used 24286K [0x00000000c0000000, 0x00000000c4300000, 0x00000000eab00000)
  object space 68608K, 35% used [0x00000000c0000000,0x00000000c17b78c8,0x00000000c4300000)
 Metaspace       used 33306K, capacity 35218K, committed 35328K, reserved 1081344K
  class space    used 3137K, capacity 3785K, committed 3840K, reserved 1048576K
GC Heap History (10 events):
Event: 3.079 GC heap before
{Heap before GC invocations=9 (full 1):
 PSYoungGen      total 30720K, used 30694K [0x00000000eab00000, 0x00000000ed480000, 0x0000000100000000)
  eden space 24064K, 100% used [0x00000000eab00000,0x00000000ec280000,0x00000000ec280000)
  from space 6656K, 99% used [0x00000000ec380000,0x00000000ec9f9820,0x00000000eca00000)
  to   space 9216K, 0% used [0x00000000ecb80000,0x00000000ecb80000,0x00000000ed480000)
 ParOldGen       total 68608K, used 10640K [0x00000000c0000000, 0x00000000c4300000, 0x00000000eab00000)
  object space 68608K, 15% used [0x00000000c0000000,0x00000000c0a64148,0x00000000c4300000)
 Metaspace       used 30591K, capacity 32303K, committed 32512K, reserved 1079296K
  class space    used 2914K, capacity 3496K, committed 3584K, reserved 1048576K
}
Event: 3.091 GC heap after
{Heap after GC invocations=9 (full 1):
 PSYoungGen      total 30208K, used 6643K [0x00000000eab00000, 0x00000000ed200000, 0x0000000100000000)
  eden space 23552K, 0% used [0x00000000eab00000,0x00000000eab00000,0x00000000ec200000)
  from space 6656K, 99% used [0x00000000ecb80000,0x00000000ed1fcea8,0x00000000ed200000)
  to   space 7680K, 0% used [0x00000000ec300000,0x00000000ec300000,0x00000000eca80000)
 ParOldGen       total 68608K, used 13042K [0x00000000c0000000, 0x00000000c4300000, 0x00000000eab00000)
  object space 68608K, 19% used [0x00000000c0000000,0x00000000c0cbc910,0x00000000c4300000)
 Metaspace       used 30591K, capacity 32303K, committed 32512K, reserved 1079296K
  class space    used 2914K, capacity 3496K, committed 3584K, reserved 1048576K
}
Event: 3.121 GC heap before
{Heap before GC invocations=10 (full 1):
 PSYoungGen      total 30208K, used 30195K [0x00000000eab00000, 0x00000000ed200000, 0x0000000100000000)
  eden space 23552K, 100% used [0x00000000eab00000,0x00000000ec200000,0x00000000ec200000)
  from space 6656K, 99% used [0x00000000ecb80000,0x00000000ed1fcea8,0x00000000ed200000)
  to   space 7680K, 0% used [0x00000000ec300000,0x00000000ec300000,0x00000000eca80000)
 ParOldGen       total 68608K, used 13042K [0x00000000c0000000, 0x00000000c4300000, 0x00000000eab00000)
  object space 68608K, 19% used [0x00000000c0000000,0x00000000c0cbc910,0x00000000c4300000)
 Metaspace       used 30591K, capacity 32303K, committed 32512K, reserved 1079296K
  class space    used 2914K, capacity 3496K, committed 3584K, reserved 1048576K
}
Event: 3.147 GC heap after
{Heap after GC invocations=10 (full 1):
 PSYoungGen      total 32256K, used 5696K [0x00000000eab00000, 0x00000000edd00000, 0x0000000100000000)
  eden space 24576K, 0% used [0x00000000eab00000,0x00000000eab00000,0x00000000ec300000)
  from space 7680K, 74% used [0x00000000ec300000,0x00000000ec890010,0x00000000eca80000)
  to   space 6656K, 0% used [0x00000000ed680000,0x00000000ed680000,0x00000000edd00000)
 ParOldGen       total 68608K, used 15829K [0x00000000c0000000, 0x00000000c4300000, 0x00000000eab00000)
  object space 68608K, 23% used [0x00000000c0000000,0x00000000c0f757a8,0x00000000c4300000)
 Metaspace       used 30591K, capacity 32303K, committed 32512K, reserved 1079296K
  class space    used 2914K, capacity 3496K, committed 3584K, reserved 1048576K
}
Event: 3.555 GC heap before
{Heap before GC invocations=11 (full 1):
 PSYoungGen      total 32256K, used 30272K [0x00000000eab00000, 0x00000000edd00000, 0x0000000100000000)
  eden space 24576K, 100% used [0x00000000eab00000,0x00000000ec300000,0x00000000ec300000)
  from space 7680K, 74% used [0x00000000ec300000,0x00000000ec890010,0x00000000eca80000)
  to   space 6656K, 0% used [0x00000000ed680000,0x00000000ed680000,0x00000000edd00000)
 ParOldGen       total 68608K, used 15829K [0x00000000c0000000, 0x00000000c4300000, 0x00000000eab00000)
  object space 68608K, 23% used [0x00000000c0000000,0x00000000c0f757a8,0x00000000c4300000)
 Metaspace       used 31956K, capacity 33906K, committed 34176K, reserved 1079296K
  class space    used 3034K, capacity 3689K, committed 3712K, reserved 1048576K
}
Event: 3.566 GC heap after
{Heap after GC invocations=11 (full 1):
 PSYoungGen      total 29184K, used 5060K [0x00000000eab00000, 0x00000000edb80000, 0x0000000100000000)
  eden space 24064K, 0% used [0x00000000eab00000,0x00000000eab00000,0x00000000ec280000)
  from space 5120K, 98% used [0x00000000ed680000,0x00000000edb713d0,0x00000000edb80000)
  to   space 5632K, 0% used [0x00000000ed080000,0x00000000ed080000,0x00000000ed600000)
 ParOldGen       total 68608K, used 19505K [0x00000000c0000000, 0x00000000c4300000, 0x00000000eab00000)
  object space 68608K, 28% used [0x00000000c0000000,0x00000000c130c5b0,0x00000000c4300000)
 Metaspace       used 31956K, capacity 33906K, committed 34176K, reserved 1079296K
  class space    used 3034K, capacity 3689K, committed 3712K, reserved 1048576K
}
Event: 3.630 GC heap before
{Heap before GC invocations=12 (full 1):
 PSYoungGen      total 29184K, used 8760K [0x00000000eab00000, 0x00000000edb80000, 0x0000000100000000)
  eden space 24064K, 15% used [0x00000000eab00000,0x00000000eae9cf80,0x00000000ec280000)
  from space 5120K, 98% used [0x00000000ed680000,0x00000000edb713d0,0x00000000edb80000)
  to   space 5632K, 0% used [0x00000000ed080000,0x00000000ed080000,0x00000000ed600000)
 ParOldGen       total 68608K, used 19505K [0x00000000c0000000, 0x00000000c4300000, 0x00000000eab00000)
  object space 68608K, 28% used [0x00000000c0000000,0x00000000c130c5b0,0x00000000c4300000)
 Metaspace       used 33306K, capacity 35218K, committed 35328K, reserved 1081344K
  class space    used 3137K, capacity 3785K, committed 3840K, reserved 1048576K
}
Event: 3.635 GC heap after
{Heap after GC invocations=12 (full 1):
 PSYoungGen      total 24576K, used 436K [0x00000000eab00000, 0x00000000ed700000, 0x0000000100000000)
  eden space 24064K, 0% used [0x00000000eab00000,0x00000000eab00000,0x00000000ec280000)
  from space 512K, 85% used [0x00000000ed080000,0x00000000ed0ed320,0x00000000ed100000)
  to   space 2560K, 0% used [0x00000000ed480000,0x00000000ed480000,0x00000000ed700000)
 ParOldGen       total 68608K, used 24512K [0x00000000c0000000, 0x00000000c4300000, 0x00000000eab00000)
  object space 68608K, 35% used [0x00000000c0000000,0x00000000c17f0008,0x00000000c4300000)
 Metaspace       used 33306K, capacity 35218K, committed 35328K, reserved 1081344K
  class space    used 3137K, capacity 3785K, committed 3840K, reserved 1048576K
}
Event: 3.635 GC heap before
{Heap before GC invocations=13 (full 2):
 PSYoungGen      total 24576K, used 436K [0x00000000eab00000, 0x00000000ed700000, 0x0000000100000000)
  eden space 24064K, 0% used [0x00000000eab00000,0x00000000eab00000,0x00000000ec280000)
  from space 512K, 85% used [0x00000000ed080000,0x00000000ed0ed320,0x00000000ed100000)
  to   space 2560K, 0% used [0x00000000ed480000,0x00000000ed480000,0x00000000ed700000)
 ParOldGen       total 68608K, used 24512K [0x00000000c0000000, 0x00000000c4300000, 0x00000000eab00000)
  object space 68608K, 35% used [0x00000000c0000000,0x00000000c17f0008,0x00000000c4300000)
 Metaspace       used 33306K, capacity 35218K, committed 35328K, reserved 1081344K
  class space    used 3137K, capacity 3785K, committed 3840K, reserved 1048576K
}
Event: 3.755 GC heap after
{Heap after GC invocations=13 (full 2):
 PSYoungGen      total 24576K, used 0K [0x00000000eab00000, 0x00000000ed700000, 0x0000000100000000)
  eden space 24064K, 0% used [0x00000000eab00000,0x00000000eab00000,0x00000000ec280000)
  from space 512K, 0% used [0x00000000ed080000,0x00000000ed080000,0x00000000ed100000)
  to   space 2560K, 0% used [0x00000000ed480000,0x00000000ed480000,0x00000000ed700000)
 ParOldGen       total 68608K, used 24286K [0x00000000c0000000, 0x00000000c4300000, 0x00000000eab00000)
  object space 68608K, 35% used [0x00000000c0000000,0x00000000c17b78c8,0x00000000c4300000)
 Metaspace       used 33306K, capacity 35218K, committed 35328K, reserved 1081344K
  class space    used 3137K, capacity 3785K, committed 3840K, reserved 1048576K
}

